<?xml version="1.0" encoding="UTF-8"?>
<!-- Generated by org.testng.reporters.JUnitReportReporter -->
<testsuite skipped="0" hostname="DESKTOP-FOLJODC" name="com.class01.Task1" tests="2" failures="0" timestamp="2020-01-12T08:22:28 EST" time="0.000" errors="0">
  <testcase name="greetingTwo" time="0.000" classname="com.class01.Task1"/>
  <testcase name="greetingOne" time="0.000" classname="com.class01.Task1"/>
</testsuite> <!-- com.class01.Task1 -->
