<?xml version="1.0" encoding="UTF-8"?>
<!-- Generated by org.testng.reporters.JUnitReportReporter -->
<testsuite skipped="1" hostname="DESKTOP-FOLJODC" name="com.class02.HW" tests="2" failures="0" timestamp="2020-01-12T20:17:17 EST" time="12.314" errors="0">
  <testcase name="validationOfMessage" time="12.314" classname="com.class02.HW"/>
  <testcase name="validationOfLogo" classname="com.class02.HW">
    <skipped/>
  </testcase> <!-- validationOfLogo -->
</testsuite> <!-- com.class02.HW -->
