<?xml version="1.0" encoding="UTF-8"?>
<!-- Generated by org.testng.reporters.JUnitReportReporter -->
<testsuite skipped="0" hostname="DESKTOP-FOLJODC" name="com.class01.TaskTwo" tests="2" failures="0" timestamp="2020-01-12T09:38:27 EST" time="0.000" errors="0">
  <testcase name="testA1" time="0.000" classname="com.class01.TaskTwo"/>
  <testcase name="testZ9" time="0.000" classname="com.class01.TaskTwo"/>
</testsuite> <!-- com.class01.TaskTwo -->
