<?xml version="1.0" encoding="UTF-8"?>
<!-- Generated by org.testng.reporters.JUnitReportReporter -->
<testsuite skipped="0" hostname="DESKTOP-FOLJODC" name="com.class02.Task" tests="2" failures="0" timestamp="2020-01-12T22:26:13 EST" time="23.570" errors="0">
  <testcase name="validationOfMessage" time="10.547" classname="com.class02.Task"/>
  <testcase name="validationOfLogo" time="13.023" classname="com.class02.Task"/>
</testsuite> <!-- com.class02.Task -->
