<?xml version="1.0" encoding="UTF-8"?>
<!-- Generated by org.testng.reporters.JUnitReportReporter -->
<testsuite skipped="0" hostname="DESKTOP-FOLJODC" name="com.class03.AlwaysRun" tests="4" failures="0" timestamp="2020-01-17T15:24:35 EST" time="0.007" errors="0">
  <testcase name="testMethod" time="0.001" classname="com.class03.AlwaysRun"/>
  <testcase name="testMethod1" time="0.001" classname="com.class03.AlwaysRun"/>
  <testcase name="testMethod1" time="0.000" classname="com.class03.AlwaysRun"/>
  <testcase name="testMethod" time="0.005" classname="com.class03.AlwaysRun"/>
</testsuite> <!-- com.class03.AlwaysRun -->
